<?xml version="1.0" encoding="UTF-8"?>
<robot generator="Robot 7.0 (Python 3.11.4 on win32)" generated="2024-05-26T16:34:15.969855" rpa="false" schemaversion="5">
<suite id="s1" name="ContacterTestify" source="C:\Users\Nadhir Bouhaouala\Desktop\Consultant Qualification Logiciel\cours\Chapitre 14 - Robot Framework\RobotFramework Projects\ContacterTestify\ContacterTestify.robot">
<test id="s1-t1" name="Scenario: TC_001 - Tester les champs requis" line="8">
<kw name="Open Browser" owner="Browser">
<msg time="2024-05-26T16:34:17.341676" level="WARN">Open Browser is for quick experimentation and debugging only. Use New Page for production.</msg>
<msg time="2024-05-26T16:34:17.344655" level="INFO">{"browser": "chromium", "headless": false, "chromiumSandbox": false, "devtools": false, "handleSIGHUP": true, "handleSIGINT": true, "handleSIGTERM": true, "slowMo": 0.0, "timeout": 30000.0, "tracesDir": "C:\\Users\\Nadhir Bouhaouala\\Desktop\\Consultant Qualification Logiciel\\cours\\Chapitre 14 - Robot Framework\\RobotFramework Projects\\ContacterTestify\\browser\\traces\\90c0e17c-7c1f-4082-a3e0-1d024c63f339"}</msg>
<msg time="2024-05-26T16:34:17.846805" level="INFO">Successfully created browser with options: {"browser":"chromium","headless":false,"chromiumSandbox":false,"devtools":false,"handleSIGHUP":true,"handleSIGINT":true,"handleSIGTERM":true,"slowMo":0,"timeout":30000,"tracesDir":"C:\\Users\\Nadhir Bouhaouala\\Desktop\\Consultant Qualification Logiciel\\cours\\Chapitre 14 - Robot Framework\\RobotFramework Projects\\ContacterTestify\\browser\\traces\\90c0e17c-7c1f-4082-a3e0-1d024c63f339"}</msg>
<msg time="2024-05-26T16:34:17.846805" level="INFO">{
  "acceptDownloads": true,
  "bypassCSP": true,
  "forcedColors": "none",
  "ignoreHTTPSErrors": false,
  "javaScriptEnabled": true,
  "offline": false,
  "reducedMotion": "no-preference",
  "serviceWorkers": "allow",
  "viewport": {
    "height": 720,
    "width": 1280
  }
}</msg>
<msg time="2024-05-26T16:34:17.897515" level="INFO">Successfully created context. </msg>
<msg time="2024-05-26T16:34:17.897515" level="INFO">{'acceptDownloads': True, 'bypassCSP': True, 'forcedColors': 'none', 'ignoreHTTPSErrors': False, 'javaScriptEnabled': True, 'offline': False, 'reducedMotion': 'no-preference', 'serviceWorkers': 'allow', 'viewport': {'height': 720, 'width': 1280}}</msg>
<msg time="2024-05-26T16:34:19.572139" level="INFO">Successfully initialized new page object and opened url: https://form.jotform.com/241263471608354</msg>
<arg>${URL}</arg>
<arg>headless=false</arg>
<tag>BrowserControl</tag>
<tag>Setter</tag>
<doc>Opens a new browser instance. Use this keyword for quick experiments or debugging sessions.</doc>
<status status="PASS" start="2024-05-26T16:34:17.340677" elapsed="2.231462"/>
</kw>
<kw name="Fill Text" owner="Browser">
<msg time="2024-05-26T16:34:19.574166" level="INFO">Fills the text 'captcha' in the given field.</msg>
<arg>xpath=//input[@id='input_7']</arg>
<arg>captcha</arg>
<tag>PageContent</tag>
<tag>Setter</tag>
<doc>Clears and fills the given ``txt`` into the text field found by ``selector``.</doc>
<status status="PASS" start="2024-05-26T16:34:19.574166" elapsed="0.110983"/>
</kw>
<kw name="Click" owner="Browser">
<msg time="2024-05-26T16:34:19.689146" level="INFO">Clicks the element 'xpath=//button[@id='input_16']'.</msg>
<arg>xpath=//button[@id='input_16']</arg>
<tag>PageContent</tag>
<tag>Setter</tag>
<doc>Simulates mouse click on the element found by ``selector``.</doc>
<status status="PASS" start="2024-05-26T16:34:19.687146" elapsed="0.278798"/>
</kw>
<kw name="Get Page Source" owner="Browser">
<msg time="2024-05-26T16:34:20.050494" level="INFO">${page_source} = &lt;!DOCTYPE html PUBLIC "-//W3C//DTD HTML 4.01//EN" "http://www.w3.org/TR/html4/strict.dtd"&gt;&lt;html lang="fr" class="supernova "&gt;&lt;head&gt;
&lt;meta http-equiv="Content-Type" content="text/html; charset=utf-8"&gt;
...</msg>
<var>${page_source}</var>
<tag>Assertion</tag>
<tag>Getter</tag>
<tag>PageContent</tag>
<doc>Gets pages HTML source as a string.</doc>
<status status="PASS" start="2024-05-26T16:34:19.967499" elapsed="0.083995"/>
</kw>
<kw name="Should Contain" owner="BuiltIn">
<arg>${page_source}</arg>
<arg>There are errors on the form. Please fix them before continuing.</arg>
<doc>Fails if ``container`` does not contain ``item`` one or more times.</doc>
<status status="PASS" start="2024-05-26T16:34:20.053497" elapsed="0.001001"/>
</kw>
<kw name="Close Browser" owner="Browser">
<msg time="2024-05-26T16:34:20.755064" level="INFO">Closed browser</msg>
<tag>BrowserControl</tag>
<tag>Setter</tag>
<doc>Closes the current browser.</doc>
<status status="PASS" start="2024-05-26T16:34:20.056497" elapsed="0.698567"/>
</kw>
<status status="PASS" start="2024-05-26T16:34:17.334282" elapsed="3.422780"/>
</test>
<status status="PASS" start="2024-05-26T16:34:15.971851" elapsed="4.897410"/>
</suite>
<statistics>
<total>
<stat pass="1" fail="0" skip="0">All Tests</stat>
</total>
<tag>
</tag>
<suite>
<stat pass="1" fail="0" skip="0" id="s1" name="ContacterTestify">ContacterTestify</stat>
</suite>
</statistics>
<errors>
<msg time="2024-05-26T16:34:17.341676" level="WARN">Open Browser is for quick experimentation and debugging only. Use New Page for production.</msg>
</errors>
</robot>
